[07:20:13] [ServerMain/INFO]: Environment: Environment[sessionHost=https://sessionserver.mojang.com, servicesHost=https://api.minecraftservices.com, name=PROD]
[07:20:14] [ServerMain/INFO]: No existing world data, creating new world
[07:20:14] [ServerMain/INFO]: Loaded 1290 recipes
[07:20:15] [ServerMain/INFO]: Loaded 1399 advancements
[07:20:15] [Server thread/INFO]: Starting minecraft server version 1.21
[07:20:15] [Server thread/INFO]: Loading properties
[07:20:15] [Server thread/INFO]: Default game type: SURVIVAL
[07:20:15] [Server thread/INFO]: Generating keypair
[07:20:15] [Server thread/INFO]: Starting Minecraft server on *:25565
[07:20:15] [Server thread/INFO]: Using epoll channel type
[07:20:15] [Server thread/WARN]: **** SERVER IS RUNNING IN OFFLINE/INSECURE MODE!
[07:20:15] [Server thread/WARN]: The server will make no attempt to authenticate usernames. Beware.
[07:20:15] [Server thread/WARN]: While this makes the game possible to play without internet access, it also opens up the ability for hackers to connect with any username they choose.
[07:20:15] [Server thread/WARN]: To change this, set "online-mode" to "true" in the server.properties file.
[07:20:15] [Server thread/INFO]: Preparing level "world"
[07:20:21] [Server thread/INFO]: Preparing start region for dimension minecraft:overworld
[07:20:21] [Worker-Main-3/INFO]: Preparing spawn area: 2%
[07:20:22] [Worker-Main-3/INFO]: Preparing spawn area: 2%
[07:20:22] [Worker-Main-2/INFO]: Preparing spawn area: 2%
[07:20:22] [Worker-Main-1/INFO]: Preparing spawn area: 2%
[07:20:23] [Worker-Main-3/INFO]: Preparing spawn area: 18%
[07:20:23] [Worker-Main-1/INFO]: Preparing spawn area: 18%
[07:20:24] [Worker-Main-2/INFO]: Preparing spawn area: 18%
[07:20:25] [Worker-Main-2/INFO]: Preparing spawn area: 51%
[07:20:25] [Worker-Main-1/INFO]: Preparing spawn area: 51%
[07:20:25] [Worker-Main-2/INFO]: Preparing spawn area: 51%
[07:20:26] [Server thread/INFO]: Time elapsed: 4818 ms
[07:20:26] [Server thread/INFO]: Done (10.363s)! For help, type "help"
[07:20:26] [Server thread/INFO]: Unknown or incomplete command, see below for error
[07:20:26] [Server thread/INFO]: home/codespace/.python/current/bin/python /workspaces/Calcium/msx.py<--[HERE]
[07:20:42] [Server thread/INFO]: ExpertDead[/127.216.152.39:56515] logged in with entity id 14 at (-6.5, 70.0, -4.5)
[07:20:42] [Server thread/INFO]: ExpertDead joined the game
[07:21:01] [Server thread/INFO]: [Not Secure] <ExpertDead> bos the bine
[07:25:11] [Server thread/INFO]: suzysheep_26[/127.206.254.196:56743] logged in with entity id 1847 at (-9.5, 83.0, 6.5)
[07:25:11] [Server thread/INFO]: suzysheep_26 joined the game
[07:26:20] [Server thread/INFO]: [Not Secure] <ExpertDead> ??
[07:26:25] [Server thread/INFO]: [Not Secure] <ExpertDead> press t to open chat
[07:27:00] [Server thread/INFO]: ExpertDead has made the advancement [Stone Age]
[07:27:00] [Server thread/INFO]: suzysheep_26 has made the advancement [Stone Age]
[07:27:24] [Server thread/INFO]: ExpertDead has made the advancement [Getting an Upgrade]
[07:27:55] [Server thread/INFO]: suzysheep_26 has made the advancement [Getting an Upgrade]
[07:29:38] [Server thread/INFO]: [Not Secure] <suzysheep_26> so good
[07:30:13] [Server thread/INFO]: [Not Secure] <suzysheep_26> YA
[07:30:24] [Server thread/INFO]: [Not Secure] <suzysheep_26> I CRASED OUT
[07:31:25] [Server thread/WARN]: Spruce Boat (vehicle of ExpertDead) moved too quickly! -9.852725617059832,-0.4615000000000009,-3.500974757456305
[07:32:32] [Server thread/INFO]: [Not Secure] <suzysheep_26> NO
[07:32:39] [Server thread/INFO]: [Not Secure] <suzysheep_26> VILLAGE
[07:32:50] [Server thread/INFO]: [Not Secure] <suzysheep_26> THEREE
[07:33:16] [Server thread/INFO]: suzysheep_26 has made the advancement [Sweet Dreams]
[07:33:18] [Server thread/INFO]: ExpertDead has made the advancement [Sweet Dreams]
[07:33:24] [Server thread/INFO]: [Not Secure] <suzysheep_26> OK
[07:33:34] [Server thread/INFO]: ExpertDead has made the advancement [Monster Hunter]
[07:33:50] [Server thread/INFO]: [Not Secure] <suzysheep_26> NNO
[07:34:27] [Server thread/INFO]: ExpertDead has made the advancement [Acquire Hardware]
[07:34:55] [Server thread/INFO]: [Not Secure] <suzysheep_26> NO
[07:37:42] [Server thread/INFO]: [Not Secure] <suzysheep_26> THERE
[07:37:55] [Server thread/INFO]: [Not Secure] <suzysheep_26> OK
[07:38:58] [Server thread/INFO]: [Not Secure] <suzysheep_26> I FELL
[07:40:40] [Server thread/INFO]: suzysheep_26 has made the advancement [Acquire Hardware]
[07:40:58] [Server thread/INFO]: [Not Secure] <suzysheep_26> SHOULD I MAKE PIC
[07:41:11] [Server thread/INFO]: [Not Secure] <suzysheep_26> IRON
[07:43:20] [Server thread/INFO]: [Not Secure] <suzysheep_26> WHERE AREU
[07:43:43] [Server thread/INFO]: [Not Secure] <suzysheep_26> OK
[07:44:22] [Server thread/INFO]: [Not Secure] <suzysheep_26> NO
[07:45:09] [Server thread/INFO]: [Not Secure] <suzysheep_26> YOU HAVE TO SLEEPTO
[07:46:42] [Server thread/INFO]: [Not Secure] <suzysheep_26> U GOT AROWS
[07:46:59] [Server thread/INFO]: [Not Secure] <suzysheep_26> OK
[07:47:08] [Server thread/INFO]: ExpertDead has made the advancement [What a Deal!]
[07:47:21] [Server thread/INFO]: suzysheep_26 has made the advancement [What a Deal!]
[07:50:57] [Server thread/INFO]: Villager cmk['Fisherman'/9378, l='ServerLevel[world]', x=-1808.80, y=73.50, z=-321.30] died, message: 'Fisherman was slain by suzysheep_26'
[07:53:08] [Server thread/INFO]: [Not Secure] <suzysheep_26> OK
